<?xml version="1.0" encoding="UTF-8"?>
<testsuite xmlns:xsi="http://www.w3.org/2001/XMLSchema-instance" xsi:noNamespaceSchemaLocation="https://maven.apache.org/surefire/maven-surefire-plugin/xsd/surefire-test-report.xsd" name="top.withlevi.usercenter.UserCenterApplicationTests" time="3.08" tests="1" errors="0" skipped="0" failures="0">
  <properties>
    <property name="sun.desktop" value="windows"/>
    <property name="awt.toolkit" value="sun.awt.windows.WToolkit"/>
    <property name="file.encoding.pkg" value="sun.io"/>
    <property name="java.specification.version" value="1.8"/>
    <property name="sun.cpu.isalist" value="amd64"/>
    <property name="sun.jnu.encoding" value="GBK"/>
    <property name="java.class.path" value="C:\Users\Dongxiao.Wang\IdeaProjects\user-center\target\test-classes;C:\Users\Dongxiao.Wang\IdeaProjects\user-center\target\classes;D:\Develop tools\apache-maven-3.8.4\maven-repo\org\springframework\boot\spring-boot-starter-web\2.6.7\spring-boot-starter-web-2.6.7.jar;D:\Develop tools\apache-maven-3.8.4\maven-repo\org\springframework\boot\spring-boot-starter\2.6.7\spring-boot-starter-2.6.7.jar;D:\Develop tools\apache-maven-3.8.4\maven-repo\org\springframework\boot\spring-boot-starter-logging\2.6.7\spring-boot-starter-logging-2.6.7.jar;D:\Develop tools\apache-maven-3.8.4\maven-repo\ch\qos\logback\logback-classic\1.2.11\logback-classic-1.2.11.jar;D:\Develop tools\apache-maven-3.8.4\maven-repo\ch\qos\logback\logback-core\1.2.11\logback-core-1.2.11.jar;D:\Develop tools\apache-maven-3.8.4\maven-repo\org\apache\logging\log4j\log4j-to-slf4j\2.17.2\log4j-to-slf4j-2.17.2.jar;D:\Develop tools\apache-maven-3.8.4\maven-repo\org\apache\logging\log4j\log4j-api\2.17.2\log4j-api-2.17.2.jar;D:\Develop tools\apache-maven-3.8.4\maven-repo\org\slf4j\jul-to-slf4j\1.7.36\jul-to-slf4j-1.7.36.jar;D:\Develop tools\apache-maven-3.8.4\maven-repo\jakarta\annotation\jakarta.annotation-api\1.3.5\jakarta.annotation-api-1.3.5.jar;D:\Develop tools\apache-maven-3.8.4\maven-repo\org\yaml\snakeyaml\1.29\snakeyaml-1.29.jar;D:\Develop tools\apache-maven-3.8.4\maven-repo\org\springframework\boot\spring-boot-starter-json\2.6.7\spring-boot-starter-json-2.6.7.jar;D:\Develop tools\apache-maven-3.8.4\maven-repo\com\fasterxml\jackson\core\jackson-databind\2.13.2.1\jackson-databind-2.13.2.1.jar;D:\Develop tools\apache-maven-3.8.4\maven-repo\com\fasterxml\jackson\core\jackson-annotations\2.13.2\jackson-annotations-2.13.2.jar;D:\Develop tools\apache-maven-3.8.4\maven-repo\com\fasterxml\jackson\core\jackson-core\2.13.2\jackson-core-2.13.2.jar;D:\Develop tools\apache-maven-3.8.4\maven-repo\com\fasterxml\jackson\datatype\jackson-datatype-jdk8\2.13.2\jackson-datatype-jdk8-2.13.2.jar;D:\Develop tools\apache-maven-3.8.4\maven-repo\com\fasterxml\jackson\datatype\jackson-datatype-jsr310\2.13.2\jackson-datatype-jsr310-2.13.2.jar;D:\Develop tools\apache-maven-3.8.4\maven-repo\com\fasterxml\jackson\module\jackson-module-parameter-names\2.13.2\jackson-module-parameter-names-2.13.2.jar;D:\Develop tools\apache-maven-3.8.4\maven-repo\org\springframework\boot\spring-boot-starter-tomcat\2.6.7\spring-boot-starter-tomcat-2.6.7.jar;D:\Develop tools\apache-maven-3.8.4\maven-repo\org\apache\tomcat\embed\tomcat-embed-core\9.0.62\tomcat-embed-core-9.0.62.jar;D:\Develop tools\apache-maven-3.8.4\maven-repo\org\apache\tomcat\embed\tomcat-embed-el\9.0.62\tomcat-embed-el-9.0.62.jar;D:\Develop tools\apache-maven-3.8.4\maven-repo\org\apache\tomcat\embed\tomcat-embed-websocket\9.0.62\tomcat-embed-websocket-9.0.62.jar;D:\Develop tools\apache-maven-3.8.4\maven-repo\org\springframework\spring-web\5.3.19\spring-web-5.3.19.jar;D:\Develop tools\apache-maven-3.8.4\maven-repo\org\springframework\spring-beans\5.3.19\spring-beans-5.3.19.jar;D:\Develop tools\apache-maven-3.8.4\maven-repo\org\springframework\spring-webmvc\5.3.19\spring-webmvc-5.3.19.jar;D:\Develop tools\apache-maven-3.8.4\maven-repo\org\springframework\spring-aop\5.3.19\spring-aop-5.3.19.jar;D:\Develop tools\apache-maven-3.8.4\maven-repo\org\springframework\spring-context\5.3.19\spring-context-5.3.19.jar;D:\Develop tools\apache-maven-3.8.4\maven-repo\org\springframework\spring-expression\5.3.19\spring-expression-5.3.19.jar;D:\Develop tools\apache-maven-3.8.4\maven-repo\org\mybatis\spring\boot\mybatis-spring-boot-starter\2.2.2\mybatis-spring-boot-starter-2.2.2.jar;D:\Develop tools\apache-maven-3.8.4\maven-repo\org\springframework\boot\spring-boot-starter-jdbc\2.6.7\spring-boot-starter-jdbc-2.6.7.jar;D:\Develop tools\apache-maven-3.8.4\maven-repo\com\zaxxer\HikariCP\4.0.3\HikariCP-4.0.3.jar;D:\Develop tools\apache-maven-3.8.4\maven-repo\org\springframework\spring-jdbc\5.3.19\spring-jdbc-5.3.19.jar;D:\Develop tools\apache-maven-3.8.4\maven-repo\org\springframework\spring-tx\5.3.19\spring-tx-5.3.19.jar;D:\Develop tools\apache-maven-3.8.4\maven-repo\org\mybatis\spring\boot\mybatis-spring-boot-autoconfigure\2.2.2\mybatis-spring-boot-autoconfigure-2.2.2.jar;D:\Develop tools\apache-maven-3.8.4\maven-repo\org\mybatis\mybatis\3.5.9\mybatis-3.5.9.jar;D:\Develop tools\apache-maven-3.8.4\maven-repo\org\mybatis\mybatis-spring\2.0.7\mybatis-spring-2.0.7.jar;D:\Develop tools\apache-maven-3.8.4\maven-repo\org\apache\commons\commons-lang3\3.12.0\commons-lang3-3.12.0.jar;D:\Develop tools\apache-maven-3.8.4\maven-repo\org\springframework\boot\spring-boot-devtools\2.6.7\spring-boot-devtools-2.6.7.jar;D:\Develop tools\apache-maven-3.8.4\maven-repo\org\springframework\boot\spring-boot\2.6.7\spring-boot-2.6.7.jar;D:\Develop tools\apache-maven-3.8.4\maven-repo\org\springframework\boot\spring-boot-autoconfigure\2.6.7\spring-boot-autoconfigure-2.6.7.jar;D:\Develop tools\apache-maven-3.8.4\maven-repo\mysql\mysql-connector-java\8.0.28\mysql-connector-java-8.0.28.jar;D:\Develop tools\apache-maven-3.8.4\maven-repo\org\springframework\boot\spring-boot-configuration-processor\2.6.7\spring-boot-configuration-processor-2.6.7.jar;D:\Develop tools\apache-maven-3.8.4\maven-repo\org\projectlombok\lombok\1.18.24\lombok-1.18.24.jar;D:\Develop tools\apache-maven-3.8.4\maven-repo\org\springframework\boot\spring-boot-starter-test\2.6.7\spring-boot-starter-test-2.6.7.jar;D:\Develop tools\apache-maven-3.8.4\maven-repo\org\springframework\boot\spring-boot-test\2.6.7\spring-boot-test-2.6.7.jar;D:\Develop tools\apache-maven-3.8.4\maven-repo\org\springframework\boot\spring-boot-test-autoconfigure\2.6.7\spring-boot-test-autoconfigure-2.6.7.jar;D:\Develop tools\apache-maven-3.8.4\maven-repo\com\jayway\jsonpath\json-path\2.6.0\json-path-2.6.0.jar;D:\Develop tools\apache-maven-3.8.4\maven-repo\net\minidev\json-smart\2.4.8\json-smart-2.4.8.jar;D:\Develop tools\apache-maven-3.8.4\maven-repo\net\minidev\accessors-smart\2.4.8\accessors-smart-2.4.8.jar;D:\Develop tools\apache-maven-3.8.4\maven-repo\org\ow2\asm\asm\9.1\asm-9.1.jar;D:\Develop tools\apache-maven-3.8.4\maven-repo\org\slf4j\slf4j-api\1.7.36\slf4j-api-1.7.36.jar;D:\Develop tools\apache-maven-3.8.4\maven-repo\jakarta\xml\bind\jakarta.xml.bind-api\2.3.3\jakarta.xml.bind-api-2.3.3.jar;D:\Develop tools\apache-maven-3.8.4\maven-repo\jakarta\activation\jakarta.activation-api\1.2.2\jakarta.activation-api-1.2.2.jar;D:\Develop tools\apache-maven-3.8.4\maven-repo\org\assertj\assertj-core\3.21.0\assertj-core-3.21.0.jar;D:\Develop tools\apache-maven-3.8.4\maven-repo\org\hamcrest\hamcrest\2.2\hamcrest-2.2.jar;D:\Develop tools\apache-maven-3.8.4\maven-repo\org\junit\jupiter\junit-jupiter\5.8.2\junit-jupiter-5.8.2.jar;D:\Develop tools\apache-maven-3.8.4\maven-repo\org\junit\jupiter\junit-jupiter-api\5.8.2\junit-jupiter-api-5.8.2.jar;D:\Develop tools\apache-maven-3.8.4\maven-repo\org\opentest4j\opentest4j\1.2.0\opentest4j-1.2.0.jar;D:\Develop tools\apache-maven-3.8.4\maven-repo\org\junit\platform\junit-platform-commons\1.8.2\junit-platform-commons-1.8.2.jar;D:\Develop tools\apache-maven-3.8.4\maven-repo\org\apiguardian\apiguardian-api\1.1.2\apiguardian-api-1.1.2.jar;D:\Develop tools\apache-maven-3.8.4\maven-repo\org\junit\jupiter\junit-jupiter-params\5.8.2\junit-jupiter-params-5.8.2.jar;D:\Develop tools\apache-maven-3.8.4\maven-repo\org\junit\jupiter\junit-jupiter-engine\5.8.2\junit-jupiter-engine-5.8.2.jar;D:\Develop tools\apache-maven-3.8.4\maven-repo\org\junit\platform\junit-platform-engine\1.8.2\junit-platform-engine-1.8.2.jar;D:\Develop tools\apache-maven-3.8.4\maven-repo\org\mockito\mockito-core\4.0.0\mockito-core-4.0.0.jar;D:\Develop tools\apache-maven-3.8.4\maven-repo\net\bytebuddy\byte-buddy\1.11.22\byte-buddy-1.11.22.jar;D:\Develop tools\apache-maven-3.8.4\maven-repo\net\bytebuddy\byte-buddy-agent\1.11.22\byte-buddy-agent-1.11.22.jar;D:\Develop tools\apache-maven-3.8.4\maven-repo\org\objenesis\objenesis\3.2\objenesis-3.2.jar;D:\Develop tools\apache-maven-3.8.4\maven-repo\org\mockito\mockito-junit-jupiter\4.0.0\mockito-junit-jupiter-4.0.0.jar;D:\Develop tools\apache-maven-3.8.4\maven-repo\org\skyscreamer\jsonassert\1.5.0\jsonassert-1.5.0.jar;D:\Develop tools\apache-maven-3.8.4\maven-repo\com\vaadin\external\google\android-json\0.0.20131108.vaadin1\android-json-0.0.20131108.vaadin1.jar;D:\Develop tools\apache-maven-3.8.4\maven-repo\org\springframework\spring-core\5.3.19\spring-core-5.3.19.jar;D:\Develop tools\apache-maven-3.8.4\maven-repo\org\springframework\spring-jcl\5.3.19\spring-jcl-5.3.19.jar;D:\Develop tools\apache-maven-3.8.4\maven-repo\org\springframework\spring-test\5.3.19\spring-test-5.3.19.jar;D:\Develop tools\apache-maven-3.8.4\maven-repo\org\xmlunit\xmlunit-core\2.8.4\xmlunit-core-2.8.4.jar;D:\Develop tools\apache-maven-3.8.4\maven-repo\junit\junit\4.13.2\junit-4.13.2.jar;D:\Develop tools\apache-maven-3.8.4\maven-repo\org\hamcrest\hamcrest-core\2.2\hamcrest-core-2.2.jar;D:\Develop tools\apache-maven-3.8.4\maven-repo\com\baomidou\mybatis-plus-boot-starter\3.5.1\mybatis-plus-boot-starter-3.5.1.jar;D:\Develop tools\apache-maven-3.8.4\maven-repo\com\baomidou\mybatis-plus\3.5.1\mybatis-plus-3.5.1.jar;D:\Develop tools\apache-maven-3.8.4\maven-repo\com\baomidou\mybatis-plus-extension\3.5.1\mybatis-plus-extension-3.5.1.jar;D:\Develop tools\apache-maven-3.8.4\maven-repo\com\baomidou\mybatis-plus-core\3.5.1\mybatis-plus-core-3.5.1.jar;D:\Develop tools\apache-maven-3.8.4\maven-repo\com\baomidou\mybatis-plus-annotation\3.5.1\mybatis-plus-annotation-3.5.1.jar;D:\Develop tools\apache-maven-3.8.4\maven-repo\com\github\jsqlparser\jsqlparser\4.3\jsqlparser-4.3.jar;"/>
    <property name="java.vm.vendor" value="Oracle Corporation"/>
    <property name="sun.arch.data.model" value="64"/>
    <property name="user.variant" value=""/>
    <property name="java.vendor.url" value="http://java.oracle.com/"/>
    <property name="user.timezone" value="Asia/Shanghai"/>
    <property name="java.vm.specification.version" value="1.8"/>
    <property name="os.name" value="Windows 10"/>
    <property name="user.country" value="CN"/>
    <property name="sun.java.launcher" value="SUN_STANDARD"/>
    <property name="sun.boot.library.path" value="D:\Develop tools\JDK\jdk\jre\bin"/>
    <property name="sun.java.command" value="C:\Users\DONGXI~1.WAN\AppData\Local\Temp\surefire2140648094870257309\surefirebooter6950598900815148018.jar C:\Users\Dongxiao.Wang\AppData\Local\Temp\surefire2140648094870257309 2022-12-22T16-21-56_485-jvmRun1 surefire3121370674078476521tmp surefire_06826892889372984373tmp"/>
    <property name="surefire.test.class.path" value="C:\Users\Dongxiao.Wang\IdeaProjects\user-center\target\test-classes;C:\Users\Dongxiao.Wang\IdeaProjects\user-center\target\classes;D:\Develop tools\apache-maven-3.8.4\maven-repo\org\springframework\boot\spring-boot-starter-web\2.6.7\spring-boot-starter-web-2.6.7.jar;D:\Develop tools\apache-maven-3.8.4\maven-repo\org\springframework\boot\spring-boot-starter\2.6.7\spring-boot-starter-2.6.7.jar;D:\Develop tools\apache-maven-3.8.4\maven-repo\org\springframework\boot\spring-boot-starter-logging\2.6.7\spring-boot-starter-logging-2.6.7.jar;D:\Develop tools\apache-maven-3.8.4\maven-repo\ch\qos\logback\logback-classic\1.2.11\logback-classic-1.2.11.jar;D:\Develop tools\apache-maven-3.8.4\maven-repo\ch\qos\logback\logback-core\1.2.11\logback-core-1.2.11.jar;D:\Develop tools\apache-maven-3.8.4\maven-repo\org\apache\logging\log4j\log4j-to-slf4j\2.17.2\log4j-to-slf4j-2.17.2.jar;D:\Develop tools\apache-maven-3.8.4\maven-repo\org\apache\logging\log4j\log4j-api\2.17.2\log4j-api-2.17.2.jar;D:\Develop tools\apache-maven-3.8.4\maven-repo\org\slf4j\jul-to-slf4j\1.7.36\jul-to-slf4j-1.7.36.jar;D:\Develop tools\apache-maven-3.8.4\maven-repo\jakarta\annotation\jakarta.annotation-api\1.3.5\jakarta.annotation-api-1.3.5.jar;D:\Develop tools\apache-maven-3.8.4\maven-repo\org\yaml\snakeyaml\1.29\snakeyaml-1.29.jar;D:\Develop tools\apache-maven-3.8.4\maven-repo\org\springframework\boot\spring-boot-starter-json\2.6.7\spring-boot-starter-json-2.6.7.jar;D:\Develop tools\apache-maven-3.8.4\maven-repo\com\fasterxml\jackson\core\jackson-databind\2.13.2.1\jackson-databind-2.13.2.1.jar;D:\Develop tools\apache-maven-3.8.4\maven-repo\com\fasterxml\jackson\core\jackson-annotations\2.13.2\jackson-annotations-2.13.2.jar;D:\Develop tools\apache-maven-3.8.4\maven-repo\com\fasterxml\jackson\core\jackson-core\2.13.2\jackson-core-2.13.2.jar;D:\Develop tools\apache-maven-3.8.4\maven-repo\com\fasterxml\jackson\datatype\jackson-datatype-jdk8\2.13.2\jackson-datatype-jdk8-2.13.2.jar;D:\Develop tools\apache-maven-3.8.4\maven-repo\com\fasterxml\jackson\datatype\jackson-datatype-jsr310\2.13.2\jackson-datatype-jsr310-2.13.2.jar;D:\Develop tools\apache-maven-3.8.4\maven-repo\com\fasterxml\jackson\module\jackson-module-parameter-names\2.13.2\jackson-module-parameter-names-2.13.2.jar;D:\Develop tools\apache-maven-3.8.4\maven-repo\org\springframework\boot\spring-boot-starter-tomcat\2.6.7\spring-boot-starter-tomcat-2.6.7.jar;D:\Develop tools\apache-maven-3.8.4\maven-repo\org\apache\tomcat\embed\tomcat-embed-core\9.0.62\tomcat-embed-core-9.0.62.jar;D:\Develop tools\apache-maven-3.8.4\maven-repo\org\apache\tomcat\embed\tomcat-embed-el\9.0.62\tomcat-embed-el-9.0.62.jar;D:\Develop tools\apache-maven-3.8.4\maven-repo\org\apache\tomcat\embed\tomcat-embed-websocket\9.0.62\tomcat-embed-websocket-9.0.62.jar;D:\Develop tools\apache-maven-3.8.4\maven-repo\org\springframework\spring-web\5.3.19\spring-web-5.3.19.jar;D:\Develop tools\apache-maven-3.8.4\maven-repo\org\springframework\spring-beans\5.3.19\spring-beans-5.3.19.jar;D:\Develop tools\apache-maven-3.8.4\maven-repo\org\springframework\spring-webmvc\5.3.19\spring-webmvc-5.3.19.jar;D:\Develop tools\apache-maven-3.8.4\maven-repo\org\springframework\spring-aop\5.3.19\spring-aop-5.3.19.jar;D:\Develop tools\apache-maven-3.8.4\maven-repo\org\springframework\spring-context\5.3.19\spring-context-5.3.19.jar;D:\Develop tools\apache-maven-3.8.4\maven-repo\org\springframework\spring-expression\5.3.19\spring-expression-5.3.19.jar;D:\Develop tools\apache-maven-3.8.4\maven-repo\org\mybatis\spring\boot\mybatis-spring-boot-starter\2.2.2\mybatis-spring-boot-starter-2.2.2.jar;D:\Develop tools\apache-maven-3.8.4\maven-repo\org\springframework\boot\spring-boot-starter-jdbc\2.6.7\spring-boot-starter-jdbc-2.6.7.jar;D:\Develop tools\apache-maven-3.8.4\maven-repo\com\zaxxer\HikariCP\4.0.3\HikariCP-4.0.3.jar;D:\Develop tools\apache-maven-3.8.4\maven-repo\org\springframework\spring-jdbc\5.3.19\spring-jdbc-5.3.19.jar;D:\Develop tools\apache-maven-3.8.4\maven-repo\org\springframework\spring-tx\5.3.19\spring-tx-5.3.19.jar;D:\Develop tools\apache-maven-3.8.4\maven-repo\org\mybatis\spring\boot\mybatis-spring-boot-autoconfigure\2.2.2\mybatis-spring-boot-autoconfigure-2.2.2.jar;D:\Develop tools\apache-maven-3.8.4\maven-repo\org\mybatis\mybatis\3.5.9\mybatis-3.5.9.jar;D:\Develop tools\apache-maven-3.8.4\maven-repo\org\mybatis\mybatis-spring\2.0.7\mybatis-spring-2.0.7.jar;D:\Develop tools\apache-maven-3.8.4\maven-repo\org\apache\commons\commons-lang3\3.12.0\commons-lang3-3.12.0.jar;D:\Develop tools\apache-maven-3.8.4\maven-repo\org\springframework\boot\spring-boot-devtools\2.6.7\spring-boot-devtools-2.6.7.jar;D:\Develop tools\apache-maven-3.8.4\maven-repo\org\springframework\boot\spring-boot\2.6.7\spring-boot-2.6.7.jar;D:\Develop tools\apache-maven-3.8.4\maven-repo\org\springframework\boot\spring-boot-autoconfigure\2.6.7\spring-boot-autoconfigure-2.6.7.jar;D:\Develop tools\apache-maven-3.8.4\maven-repo\mysql\mysql-connector-java\8.0.28\mysql-connector-java-8.0.28.jar;D:\Develop tools\apache-maven-3.8.4\maven-repo\org\springframework\boot\spring-boot-configuration-processor\2.6.7\spring-boot-configuration-processor-2.6.7.jar;D:\Develop tools\apache-maven-3.8.4\maven-repo\org\projectlombok\lombok\1.18.24\lombok-1.18.24.jar;D:\Develop tools\apache-maven-3.8.4\maven-repo\org\springframework\boot\spring-boot-starter-test\2.6.7\spring-boot-starter-test-2.6.7.jar;D:\Develop tools\apache-maven-3.8.4\maven-repo\org\springframework\boot\spring-boot-test\2.6.7\spring-boot-test-2.6.7.jar;D:\Develop tools\apache-maven-3.8.4\maven-repo\org\springframework\boot\spring-boot-test-autoconfigure\2.6.7\spring-boot-test-autoconfigure-2.6.7.jar;D:\Develop tools\apache-maven-3.8.4\maven-repo\com\jayway\jsonpath\json-path\2.6.0\json-path-2.6.0.jar;D:\Develop tools\apache-maven-3.8.4\maven-repo\net\minidev\json-smart\2.4.8\json-smart-2.4.8.jar;D:\Develop tools\apache-maven-3.8.4\maven-repo\net\minidev\accessors-smart\2.4.8\accessors-smart-2.4.8.jar;D:\Develop tools\apache-maven-3.8.4\maven-repo\org\ow2\asm\asm\9.1\asm-9.1.jar;D:\Develop tools\apache-maven-3.8.4\maven-repo\org\slf4j\slf4j-api\1.7.36\slf4j-api-1.7.36.jar;D:\Develop tools\apache-maven-3.8.4\maven-repo\jakarta\xml\bind\jakarta.xml.bind-api\2.3.3\jakarta.xml.bind-api-2.3.3.jar;D:\Develop tools\apache-maven-3.8.4\maven-repo\jakarta\activation\jakarta.activation-api\1.2.2\jakarta.activation-api-1.2.2.jar;D:\Develop tools\apache-maven-3.8.4\maven-repo\org\assertj\assertj-core\3.21.0\assertj-core-3.21.0.jar;D:\Develop tools\apache-maven-3.8.4\maven-repo\org\hamcrest\hamcrest\2.2\hamcrest-2.2.jar;D:\Develop tools\apache-maven-3.8.4\maven-repo\org\junit\jupiter\junit-jupiter\5.8.2\junit-jupiter-5.8.2.jar;D:\Develop tools\apache-maven-3.8.4\maven-repo\org\junit\jupiter\junit-jupiter-api\5.8.2\junit-jupiter-api-5.8.2.jar;D:\Develop tools\apache-maven-3.8.4\maven-repo\org\opentest4j\opentest4j\1.2.0\opentest4j-1.2.0.jar;D:\Develop tools\apache-maven-3.8.4\maven-repo\org\junit\platform\junit-platform-commons\1.8.2\junit-platform-commons-1.8.2.jar;D:\Develop tools\apache-maven-3.8.4\maven-repo\org\apiguardian\apiguardian-api\1.1.2\apiguardian-api-1.1.2.jar;D:\Develop tools\apache-maven-3.8.4\maven-repo\org\junit\jupiter\junit-jupiter-params\5.8.2\junit-jupiter-params-5.8.2.jar;D:\Develop tools\apache-maven-3.8.4\maven-repo\org\junit\jupiter\junit-jupiter-engine\5.8.2\junit-jupiter-engine-5.8.2.jar;D:\Develop tools\apache-maven-3.8.4\maven-repo\org\junit\platform\junit-platform-engine\1.8.2\junit-platform-engine-1.8.2.jar;D:\Develop tools\apache-maven-3.8.4\maven-repo\org\mockito\mockito-core\4.0.0\mockito-core-4.0.0.jar;D:\Develop tools\apache-maven-3.8.4\maven-repo\net\bytebuddy\byte-buddy\1.11.22\byte-buddy-1.11.22.jar;D:\Develop tools\apache-maven-3.8.4\maven-repo\net\bytebuddy\byte-buddy-agent\1.11.22\byte-buddy-agent-1.11.22.jar;D:\Develop tools\apache-maven-3.8.4\maven-repo\org\objenesis\objenesis\3.2\objenesis-3.2.jar;D:\Develop tools\apache-maven-3.8.4\maven-repo\org\mockito\mockito-junit-jupiter\4.0.0\mockito-junit-jupiter-4.0.0.jar;D:\Develop tools\apache-maven-3.8.4\maven-repo\org\skyscreamer\jsonassert\1.5.0\jsonassert-1.5.0.jar;D:\Develop tools\apache-maven-3.8.4\maven-repo\com\vaadin\external\google\android-json\0.0.20131108.vaadin1\android-json-0.0.20131108.vaadin1.jar;D:\Develop tools\apache-maven-3.8.4\maven-repo\org\springframework\spring-core\5.3.19\spring-core-5.3.19.jar;D:\Develop tools\apache-maven-3.8.4\maven-repo\org\springframework\spring-jcl\5.3.19\spring-jcl-5.3.19.jar;D:\Develop tools\apache-maven-3.8.4\maven-repo\org\springframework\spring-test\5.3.19\spring-test-5.3.19.jar;D:\Develop tools\apache-maven-3.8.4\maven-repo\org\xmlunit\xmlunit-core\2.8.4\xmlunit-core-2.8.4.jar;D:\Develop tools\apache-maven-3.8.4\maven-repo\junit\junit\4.13.2\junit-4.13.2.jar;D:\Develop tools\apache-maven-3.8.4\maven-repo\org\hamcrest\hamcrest-core\2.2\hamcrest-core-2.2.jar;D:\Develop tools\apache-maven-3.8.4\maven-repo\com\baomidou\mybatis-plus-boot-starter\3.5.1\mybatis-plus-boot-starter-3.5.1.jar;D:\Develop tools\apache-maven-3.8.4\maven-repo\com\baomidou\mybatis-plus\3.5.1\mybatis-plus-3.5.1.jar;D:\Develop tools\apache-maven-3.8.4\maven-repo\com\baomidou\mybatis-plus-extension\3.5.1\mybatis-plus-extension-3.5.1.jar;D:\Develop tools\apache-maven-3.8.4\maven-repo\com\baomidou\mybatis-plus-core\3.5.1\mybatis-plus-core-3.5.1.jar;D:\Develop tools\apache-maven-3.8.4\maven-repo\com\baomidou\mybatis-plus-annotation\3.5.1\mybatis-plus-annotation-3.5.1.jar;D:\Develop tools\apache-maven-3.8.4\maven-repo\com\github\jsqlparser\jsqlparser\4.3\jsqlparser-4.3.jar;"/>
    <property name="sun.cpu.endian" value="little"/>
    <property name="user.home" value="C:\Users\Dongxiao.Wang"/>
    <property name="user.language" value="zh"/>
    <property name="java.specification.vendor" value="Oracle Corporation"/>
    <property name="java.home" value="D:\Develop tools\JDK\jdk\jre"/>
    <property name="basedir" value="C:\Users\Dongxiao.Wang\IdeaProjects\user-center"/>
    <property name="file.separator" value="\"/>
    <property name="line.separator" value="&#10;"/>
    <property name="java.vm.specification.vendor" value="Oracle Corporation"/>
    <property name="java.specification.name" value="Java Platform API Specification"/>
    <property name="java.awt.graphicsenv" value="sun.awt.Win32GraphicsEnvironment"/>
    <property name="surefire.real.class.path" value="C:\Users\DONGXI~1.WAN\AppData\Local\Temp\surefire2140648094870257309\surefirebooter6950598900815148018.jar"/>
    <property name="sun.boot.class.path" value="D:\Develop tools\JDK\jdk\jre\lib\resources.jar;D:\Develop tools\JDK\jdk\jre\lib\rt.jar;D:\Develop tools\JDK\jdk\jre\lib\sunrsasign.jar;D:\Develop tools\JDK\jdk\jre\lib\jsse.jar;D:\Develop tools\JDK\jdk\jre\lib\jce.jar;D:\Develop tools\JDK\jdk\jre\lib\charsets.jar;D:\Develop tools\JDK\jdk\jre\lib\jfr.jar;D:\Develop tools\JDK\jdk\jre\classes"/>
    <property name="user.script" value=""/>
    <property name="sun.management.compiler" value="HotSpot 64-Bit Tiered Compilers"/>
    <property name="java.runtime.version" value="1.8.0_281-b09"/>
    <property name="user.name" value="Dongxiao.Wang"/>
    <property name="path.separator" value=";"/>
    <property name="os.version" value="10.0"/>
    <property name="java.endorsed.dirs" value="D:\Develop tools\JDK\jdk\jre\lib\endorsed"/>
    <property name="java.runtime.name" value="Java(TM) SE Runtime Environment"/>
    <property name="file.encoding" value="GBK"/>
    <property name="java.vm.name" value="Java HotSpot(TM) 64-Bit Server VM"/>
    <property name="localRepository" value="D:\Develop tools\apache-maven-3.8.4\maven-repo"/>
    <property name="java.vendor.url.bug" value="http://bugreport.sun.com/bugreport/"/>
    <property name="java.io.tmpdir" value="C:\Users\DONGXI~1.WAN\AppData\Local\Temp\"/>
    <property name="idea.version" value="2022.1"/>
    <property name="java.version" value="1.8.0_281"/>
    <property name="user.dir" value="C:\Users\Dongxiao.Wang\IdeaProjects\user-center"/>
    <property name="os.arch" value="amd64"/>
    <property name="java.vm.specification.name" value="Java Virtual Machine Specification"/>
    <property name="java.awt.printerjob" value="sun.awt.windows.WPrinterJob"/>
    <property name="sun.os.patch.level" value=""/>
    <property name="java.library.path" value="D:\Develop tools\JDK\jdk\jre\bin;C:\Windows\Sun\Java\bin;C:\Windows\system32;C:\Windows;;C:\Program Files (x86)\Common Files\Intel\Shared Libraries\redist\intel64_win\compiler;C:\Program Files (x86)\Common Files\Intel\Shared Libraries\redist\intel64\compiler;C:\Windows\system32;C:\Windows;C:\Windows\System32\Wbem;C:\Windows\System32\WindowsPowerShell\v1.0\;C:\Windows\System32\OpenSSH\;C:\Program Files (x86)\dotnet\;D:\Develop tools\JDK\jdk\bin;C:\Program Files\Pandoc\;D:\Develop tools\apache-maven-3.8.4\bin;C:\Program Files\Docker\Docker\resources\bin;C:\ProgramData\DockerDesktop\version-bin;C:\Program Files\Git\cmd;D:\Develop tools\Xshell\;D:\Develop tools\xftp\;C:\Program Files\dotnet\;C:\Users\Dongxiao.Wang\AppData\Roaming\nvm;C:\Program Files\nodejs;C:\Users\Dongxiao.Wang\AppData\Local\Microsoft\WindowsApps;C:\Program Files\Bandizip\;C:\Program Files (x86)\Tencent\QQGameTempest\Hall.57702\;D:\Develop tools\IDEA\IntelliJ IDEA 2021.3.2\bin;;C:\Users\Dongxiao.Wang\AppData\Roaming\nvm;C:\Program Files\nodejs;."/>
    <property name="java.vm.info" value="mixed mode"/>
    <property name="java.vendor" value="Oracle Corporation"/>
    <property name="java.vm.version" value="25.281-b09"/>
    <property name="java.ext.dirs" value="D:\Develop tools\JDK\jdk\jre\lib\ext;C:\Windows\Sun\Java\lib\ext"/>
    <property name="sun.io.unicode.encoding" value="UnicodeLittle"/>
    <property name="maven.repo.local" value="D:\Develop tools\apache-maven-3.8.4\maven-repo"/>
    <property name="java.class.version" value="52.0"/>
  </properties>
  <testcase name="contextLoads" classname="top.withlevi.usercenter.UserCenterApplicationTests" time="0.21"/>
</testsuite>